TN:
SF:server.js
FN:24,(anonymous_0)
FN:28,setSql
FN:55,initDB
FN:273,(anonymous_3)
FN:303,(anonymous_4)
FN:345,(anonymous_5)
FN:403,(anonymous_6)
FN:429,(anonymous_7)
FN:456,(anonymous_8)
FN:485,(anonymous_9)
FN:488,(anonymous_10)
FN:495,(anonymous_11)
FN:522,(anonymous_12)
FN:545,(anonymous_13)
FN:576,(anonymous_14)
FN:585,(anonymous_15)
FN:613,(anonymous_16)
FN:640,(anonymous_17)
FN:654,(anonymous_18)
FN:668,(anonymous_19)
FN:705,(anonymous_20)
FN:726,(anonymous_21)
FN:744,(anonymous_22)
FN:756,(anonymous_23)
FN:776,(anonymous_24)
FN:787,(anonymous_25)
FN:807,(anonymous_26)
FN:825,(anonymous_27)
FN:835,(anonymous_28)
FN:846,(anonymous_29)
FN:864,(anonymous_30)
FN:897,(anonymous_31)
FN:929,(anonymous_32)
FN:935,(anonymous_33)
FN:947,(anonymous_34)
FN:972,(anonymous_35)
FN:996,(anonymous_36)
FN:1009,(anonymous_37)
FN:1034,(anonymous_38)
FN:1035,(anonymous_39)
FN:1043,(anonymous_40)
FN:1045,(anonymous_41)
FN:1051,(anonymous_42)
FN:1068,(anonymous_43)
FN:1082,(anonymous_44)
FN:1098,(anonymous_45)
FN:1109,(anonymous_46)
FN:1121,(anonymous_47)
FN:1158,(anonymous_48)
FN:1169,(anonymous_49)
FNF:50
FNH:37
FNDA:29,(anonymous_0)
FNDA:70,setSql
FNDA:0,initDB
FNDA:3,(anonymous_3)
FNDA:4,(anonymous_4)
FNDA:4,(anonymous_5)
FNDA:5,(anonymous_6)
FNDA:0,(anonymous_7)
FNDA:2,(anonymous_8)
FNDA:1,(anonymous_9)
FNDA:1,(anonymous_10)
FNDA:2,(anonymous_11)
FNDA:4,(anonymous_12)
FNDA:2,(anonymous_13)
FNDA:1,(anonymous_14)
FNDA:6,(anonymous_15)
FNDA:0,(anonymous_16)
FNDA:2,(anonymous_17)
FNDA:2,(anonymous_18)
FNDA:4,(anonymous_19)
FNDA:2,(anonymous_20)
FNDA:2,(anonymous_21)
FNDA:1,(anonymous_22)
FNDA:3,(anonymous_23)
FNDA:1,(anonymous_24)
FNDA:2,(anonymous_25)
FNDA:2,(anonymous_26)
FNDA:1,(anonymous_27)
FNDA:1,(anonymous_28)
FNDA:1,(anonymous_29)
FNDA:3,(anonymous_30)
FNDA:2,(anonymous_31)
FNDA:1,(anonymous_32)
FNDA:1,(anonymous_33)
FNDA:2,(anonymous_34)
FNDA:2,(anonymous_35)
FNDA:2,(anonymous_36)
FNDA:1,(anonymous_37)
FNDA:1,(anonymous_38)
FNDA:1,(anonymous_39)
FNDA:0,(anonymous_40)
FNDA:0,(anonymous_41)
FNDA:0,(anonymous_42)
FNDA:0,(anonymous_43)
FNDA:0,(anonymous_44)
FNDA:0,(anonymous_45)
FNDA:0,(anonymous_46)
FNDA:0,(anonymous_47)
FNDA:0,(anonymous_48)
FNDA:0,(anonymous_49)
DA:1,1
DA:2,1
DA:3,1
DA:4,1
DA:5,1
DA:6,1
DA:7,1
DA:8,1
DA:10,1
DA:11,1
DA:14,1
DA:15,1
DA:19,1
DA:20,1
DA:24,29
DA:25,1
DA:29,70
DA:33,1
DA:40,1
DA:49,1
DA:56,0
DA:58,0
DA:71,0
DA:84,0
DA:92,0
DA:93,0
DA:94,0
DA:95,0
DA:98,0
DA:113,0
DA:127,0
DA:133,0
DA:141,0
DA:152,0
DA:169,0
DA:179,0
DA:191,0
DA:204,0
DA:214,0
DA:215,0
DA:216,0
DA:217,0
DA:218,0
DA:219,0
DA:222,0
DA:223,0
DA:224,0
DA:225,0
DA:226,0
DA:228,0
DA:232,0
DA:233,0
DA:234,0
DA:243,0
DA:244,0
DA:246,0
DA:250,0
DA:251,0
DA:252,0
DA:253,0
DA:254,0
DA:258,0
DA:261,0
DA:263,0
DA:264,0
DA:273,1
DA:274,3
DA:275,3
DA:277,3
DA:278,1
DA:281,2
DA:282,2
DA:283,1
DA:286,1
DA:287,1
DA:288,1
DA:290,1
DA:295,1
DA:297,0
DA:298,0
DA:303,1
DA:304,4
DA:305,4
DA:307,4
DA:308,1
DA:311,3
DA:312,3
DA:313,1
DA:316,2
DA:317,2
DA:318,2
DA:319,1
DA:322,1
DA:335,0
DA:336,0
DA:345,1
DA:346,4
DA:347,4
DA:349,4
DA:350,1
DA:352,3
DA:353,1
DA:355,2
DA:356,0
DA:360,2
DA:366,2
DA:367,1
DA:371,1
DA:380,1
DA:381,1
DA:383,1
DA:392,1
DA:397,0
DA:398,0
DA:403,1
DA:404,5
DA:405,5
DA:406,5
DA:408,5
DA:409,1
DA:411,4
DA:412,1
DA:415,3
DA:418,3
DA:419,1
DA:421,2
DA:423,2
DA:424,1
DA:428,1
DA:429,0
DA:432,1
DA:434,1
DA:440,1
DA:444,1
DA:450,0
DA:451,0
DA:456,1
DA:457,2
DA:458,2
DA:459,2
DA:471,2
DA:474,2
DA:479,0
DA:480,0
DA:485,1
DA:488,1
DA:495,1
DA:496,2
DA:497,2
DA:498,2
DA:500,1
DA:501,1
DA:502,6
DA:511,6
DA:512,6
DA:514,1
DA:516,0
DA:517,0
DA:522,1
DA:523,4
DA:524,4
DA:525,4
DA:526,1
DA:529,3
DA:533,3
DA:534,1
DA:537,2
DA:545,2
DA:548,2
DA:549,1
DA:553,1
DA:558,2
DA:559,1
DA:562,1
DA:564,1
DA:570,1
DA:571,1
DA:574,1
DA:576,1
DA:579,0
DA:580,0
DA:585,1
DA:586,6
DA:587,6
DA:588,6
DA:590,6
DA:591,1
DA:593,5
DA:594,1
DA:597,4
DA:598,4
DA:600,3
DA:601,3
DA:602,1
DA:604,2
DA:607,2
DA:608,1
DA:609,1
DA:612,1
DA:613,0
DA:616,1
DA:618,1
DA:624,1
DA:628,1
DA:634,0
DA:635,0
DA:640,1
DA:641,2
DA:642,2
DA:643,2
DA:654,2
DA:660,2
DA:662,0
DA:663,0
DA:668,1
DA:669,4
DA:670,4
DA:671,4
DA:673,4
DA:674,4
DA:676,3
DA:677,3
DA:678,1
DA:683,2
DA:684,2
DA:685,2
DA:686,2
DA:687,2
DA:688,2
DA:690,2
DA:691,1
DA:693,1
DA:696,1
DA:697,1
DA:699,0
DA:700,0
DA:705,1
DA:706,2
DA:707,2
DA:708,2
DA:711,2
DA:712,1
DA:714,1
DA:716,0
DA:717,0
DA:726,1
DA:727,2
DA:728,2
DA:729,2
DA:731,1
DA:744,1
DA:748,1
DA:750,0
DA:751,0
DA:756,1
DA:757,3
DA:758,3
DA:759,3
DA:760,3
DA:762,2
DA:763,1
DA:766,1
DA:767,1
DA:768,1
DA:770,0
DA:771,0
DA:776,1
DA:777,1
DA:778,1
DA:779,1
DA:781,0
DA:782,0
DA:787,1
DA:788,2
DA:789,2
DA:790,2
DA:791,2
DA:798,2
DA:799,1
DA:801,0
DA:802,0
DA:807,1
DA:808,2
DA:809,2
DA:810,2
DA:812,1
DA:817,1
DA:819,0
DA:820,0
DA:825,1
DA:826,1
DA:827,1
DA:828,1
DA:829,1
DA:835,1
DA:838,1
DA:840,0
DA:841,0
DA:846,1
DA:847,1
DA:864,1
DA:865,3
DA:866,3
DA:867,3
DA:868,1
DA:872,1
DA:876,1
DA:877,2
DA:878,1
DA:882,1
DA:886,1
DA:888,1
DA:891,0
DA:892,0
DA:897,1
DA:898,2
DA:899,2
DA:900,2
DA:902,1
DA:903,1
DA:904,1
DA:908,1
DA:912,1
DA:918,1
DA:919,1
DA:921,1
DA:923,0
DA:924,0
DA:929,1
DA:930,1
DA:931,1
DA:935,1
DA:939,1
DA:941,0
DA:942,0
DA:947,1
DA:948,2
DA:949,2
DA:950,2
DA:951,1
DA:953,1
DA:954,1
DA:956,1
DA:957,1
DA:959,1
DA:964,1
DA:966,0
DA:967,0
DA:972,1
DA:973,2
DA:974,2
DA:975,2
DA:976,2
DA:977,2
DA:979,1
DA:988,1
DA:990,0
DA:991,0
DA:996,1
DA:997,2
DA:998,2
DA:999,2
DA:1000,2
DA:1001,1
DA:1003,0
DA:1004,0
DA:1009,1
DA:1010,1
DA:1011,1
DA:1012,1
DA:1014,1
DA:1015,1
DA:1016,1
DA:1017,1
DA:1019,1
DA:1028,0
DA:1029,0
DA:1034,1
DA:1035,1
DA:1036,1
DA:1042,1
DA:1043,0
DA:1044,0
DA:1045,0
DA:1046,0
DA:1051,1
DA:1052,0
DA:1053,0
DA:1054,0
DA:1055,0
DA:1058,0
DA:1062,0
DA:1064,0
DA:1068,1
DA:1069,0
DA:1071,0
DA:1076,0
DA:1078,0
DA:1082,1
DA:1083,0
DA:1084,0
DA:1085,0
DA:1086,0
DA:1091,0
DA:1093,0
DA:1098,1
DA:1099,0
DA:1100,0
DA:1105,0
DA:1109,1
DA:1110,0
DA:1111,0
DA:1115,0
DA:1121,1
DA:1122,0
DA:1123,0
DA:1124,0
DA:1125,0
DA:1127,0
DA:1134,0
DA:1135,0
DA:1137,0
DA:1139,0
DA:1140,0
DA:1143,0
DA:1149,0
DA:1152,0
DA:1154,0
DA:1158,1
DA:1159,0
DA:1160,0
DA:1162,0
DA:1163,0
DA:1165,0
DA:1169,1
DA:1170,0
DA:1171,0
DA:1172,0
DA:1177,0
DA:1179,0
DA:1180,0
DA:1185,1
LF:442
LH:294
BRDA:11,0,0,1
BRDA:11,0,1,0
BRDA:19,1,0,1
BRDA:19,1,1,0
BRDA:223,2,0,0
BRDA:223,2,1,0
BRDA:225,3,0,0
BRDA:225,3,1,0
BRDA:225,4,0,0
BRDA:225,4,1,0
BRDA:233,5,0,0
BRDA:233,5,1,0
BRDA:251,6,0,0
BRDA:251,6,1,0
BRDA:277,7,0,1
BRDA:277,7,1,2
BRDA:277,8,0,3
BRDA:277,8,1,3
BRDA:277,8,2,2
BRDA:277,8,3,2
BRDA:277,8,4,2
BRDA:277,8,5,2
BRDA:282,9,0,1
BRDA:282,9,1,1
BRDA:288,10,0,1
BRDA:288,10,1,1
BRDA:307,11,0,1
BRDA:307,11,1,3
BRDA:307,12,0,4
BRDA:307,12,1,4
BRDA:312,13,0,1
BRDA:312,13,1,2
BRDA:318,14,0,1
BRDA:318,14,1,1
BRDA:331,15,0,1
BRDA:331,15,1,0
BRDA:349,16,0,1
BRDA:349,16,1,3
BRDA:349,17,0,4
BRDA:349,17,1,3
BRDA:349,17,2,3
BRDA:352,18,0,1
BRDA:352,18,1,2
BRDA:355,19,0,0
BRDA:355,19,1,2
BRDA:355,20,0,2
BRDA:355,20,1,2
BRDA:366,21,0,1
BRDA:366,21,1,1
BRDA:386,22,0,0
BRDA:386,22,1,1
BRDA:387,23,0,1
BRDA:387,23,1,0
BRDA:408,24,0,1
BRDA:408,24,1,4
BRDA:408,25,0,5
BRDA:408,25,1,5
BRDA:411,26,0,1
BRDA:411,26,1,3
BRDA:418,27,0,1
BRDA:418,27,1,2
BRDA:423,28,0,1
BRDA:423,28,1,1
BRDA:428,29,0,0
BRDA:428,29,1,1
BRDA:475,30,0,1
BRDA:475,30,1,1
BRDA:498,31,0,1
BRDA:498,31,1,1
BRDA:525,32,0,1
BRDA:525,32,1,3
BRDA:525,33,0,4
BRDA:525,33,1,4
BRDA:525,33,2,4
BRDA:525,33,3,3
BRDA:525,33,4,3
BRDA:533,34,0,1
BRDA:533,34,1,2
BRDA:548,35,0,1
BRDA:548,35,1,1
BRDA:558,36,0,1
BRDA:558,36,1,1
BRDA:590,37,0,1
BRDA:590,37,1,5
BRDA:590,38,0,6
BRDA:590,38,1,6
BRDA:593,39,0,1
BRDA:593,39,1,4
BRDA:598,40,0,1
BRDA:598,40,1,3
BRDA:601,41,0,1
BRDA:601,41,1,2
BRDA:604,42,0,2
BRDA:604,42,1,0
BRDA:605,43,0,0
BRDA:605,43,1,2
BRDA:605,44,0,2
BRDA:605,44,1,2
BRDA:607,45,0,1
BRDA:607,45,1,1
BRDA:607,46,0,2
BRDA:607,46,1,2
BRDA:612,47,0,0
BRDA:612,47,1,1
BRDA:656,48,0,0
BRDA:656,48,1,2
BRDA:657,49,0,0
BRDA:657,49,1,0
BRDA:657,50,0,0
BRDA:657,50,1,0
BRDA:674,51,0,1
BRDA:674,51,1,3
BRDA:677,52,0,1
BRDA:677,52,1,2
BRDA:677,53,0,3
BRDA:677,53,1,2
BRDA:684,54,0,2
BRDA:684,54,1,0
BRDA:690,55,0,1
BRDA:690,55,1,1
BRDA:711,56,0,1
BRDA:711,56,1,1
BRDA:729,57,0,1
BRDA:729,57,1,1
BRDA:760,58,0,1
BRDA:760,58,1,2
BRDA:762,59,0,1
BRDA:762,59,1,1
BRDA:793,60,0,2
BRDA:793,60,1,0
BRDA:794,61,0,1
BRDA:794,61,1,1
BRDA:798,62,0,1
BRDA:798,62,1,1
BRDA:810,63,0,1
BRDA:810,63,1,1
BRDA:810,64,0,2
BRDA:810,64,1,1
BRDA:814,65,0,1
BRDA:814,65,1,1
BRDA:814,66,0,1
BRDA:814,66,1,1
BRDA:828,67,0,1
BRDA:828,67,1,0
BRDA:867,68,0,1
BRDA:867,68,1,2
BRDA:867,69,0,3
BRDA:867,69,1,1
BRDA:877,70,0,1
BRDA:877,70,1,1
BRDA:877,71,0,2
BRDA:877,71,1,1
BRDA:900,72,0,1
BRDA:900,72,1,1
BRDA:950,73,0,1
BRDA:950,73,1,1
BRDA:950,74,0,2
BRDA:950,74,1,2
BRDA:950,74,2,1
BRDA:950,74,3,1
BRDA:950,74,4,1
BRDA:950,74,5,1
BRDA:954,75,0,0
BRDA:954,75,1,1
BRDA:977,76,0,1
BRDA:977,76,1,1
BRDA:981,77,0,1
BRDA:981,77,1,0
BRDA:982,78,0,0
BRDA:982,78,1,1
BRDA:983,79,0,1
BRDA:983,79,1,1
BRDA:984,80,0,0
BRDA:984,80,1,1
BRDA:985,81,0,0
BRDA:985,81,1,1
BRDA:1000,82,0,1
BRDA:1000,82,1,1
BRDA:1012,83,0,1
BRDA:1012,83,1,0
BRDA:1042,84,0,0
BRDA:1042,84,1,1
BRDA:1054,85,0,0
BRDA:1054,85,1,0
BRDA:1054,86,0,0
BRDA:1054,86,1,0
BRDA:1054,86,2,0
BRDA:1125,87,0,0
BRDA:1125,87,1,0
BRDA:1137,88,0,0
BRDA:1137,88,1,0
BRDA:1137,89,0,0
BRDA:1137,89,1,0
BRF:193
BRH:147
end_of_record
TN:
SF:lib\auth.js
FN:1,requireRole
FN:2,(anonymous_1)
FNF:2
FNH:2
FNDA:16,requireRole
FNDA:29,(anonymous_1)
DA:2,16
DA:3,29
DA:4,29
DA:5,29
DA:6,29
DA:7,2
DA:9,27
DA:10,27
DA:11,1
DA:13,26
DA:14,1
DA:16,25
DA:17,25
DA:19,0
DA:20,0
DA:25,1
LF:16
LH:14
BRDA:4,0,0,29
BRDA:4,0,1,0
BRDA:5,1,0,29
BRDA:5,1,1,16
BRDA:5,1,2,16
BRDA:6,2,0,2
BRDA:6,2,1,27
BRDA:10,3,0,1
BRDA:10,3,1,26
BRDA:13,4,0,1
BRDA:13,4,1,25
BRF:11
BRH:10
end_of_record
TN:
SF:lib\crypto.js
FN:6,getKey
FN:14,encrypt
FN:24,decrypt
FNF:3
FNH:3
FNDA:6,getKey
FNDA:7,encrypt
FNDA:6,decrypt
DA:1,1
DA:3,1
DA:4,1
DA:7,6
DA:8,6
DA:9,2
DA:11,4
DA:15,7
DA:16,4
DA:17,4
DA:18,2
DA:19,2
DA:20,2
DA:21,2
DA:25,6
DA:27,2
DA:30,2
DA:31,1
DA:32,1
DA:33,1
DA:34,1
DA:35,1
DA:36,1
DA:40,1
DA:41,1
DA:42,1
DA:43,1
DA:44,1
DA:45,1
DA:46,1
DA:47,1
DA:50,1
LF:32
LH:32
BRDA:8,0,0,2
BRDA:8,0,1,4
BRDA:15,1,0,3
BRDA:15,1,1,4
BRDA:25,2,0,4
BRDA:25,2,1,2
BRDA:30,3,0,1
BRDA:30,3,1,1
BRF:8
BRH:8
end_of_record
TN:
SF:public\app.js
FN:5,showToast
FN:24,(anonymous_1)
FN:29,requireAuth
FN:47,handleLogout
FN:52,toggleProfileMenu
FN:57,(anonymous_5)
FN:65,formatCurrency
FN:69,formatDate
FN:81,initFloatingChat
FN:90,(anonymous_9)
FN:93,(anonymous_10)
FN:102,(anonymous_11)
FN:109,(anonymous_12)
FN:113,getBotResponse
FN:125,handleBookingBotLogic
FN:133,(anonymous_15)
FN:150,generateRandomID
FN:164,notifyUserOfReply
FN:175,checkNewMessages
FN:216,syncUnreadNotifications
FN:244,updateNotificationSystem
FN:272,checkUpcomingReservations
FN:286,(anonymous_22)
FN:296,(anonymous_23)
FN:305,updateNotificationBadges
FN:313,checkGlobalNotifications
FN:338,getValidatedId
FN:344,appendMessage
FN:352,handleToastAlerts
FN:382,(anonymous_29)
FN:389,redirect
FNF:31
FNH:7
FNDA:1,showToast
FNDA:1,(anonymous_1)
FNDA:2,requireAuth
FNDA:0,handleLogout
FNDA:0,toggleProfileMenu
FNDA:0,(anonymous_5)
FNDA:2,formatCurrency
FNDA:0,formatDate
FNDA:0,initFloatingChat
FNDA:0,(anonymous_9)
FNDA:0,(anonymous_10)
FNDA:0,(anonymous_11)
FNDA:0,(anonymous_12)
FNDA:0,getBotResponse
FNDA:2,handleBookingBotLogic
FNDA:1,(anonymous_15)
FNDA:0,generateRandomID
FNDA:0,notifyUserOfReply
FNDA:0,checkNewMessages
FNDA:0,syncUnreadNotifications
FNDA:0,updateNotificationSystem
FNDA:0,checkUpcomingReservations
FNDA:0,(anonymous_22)
FNDA:0,(anonymous_23)
FNDA:0,updateNotificationBadges
FNDA:0,checkGlobalNotifications
FNDA:4,getValidatedId
FNDA:0,appendMessage
FNDA:0,handleToastAlerts
FNDA:0,(anonymous_29)
FNDA:0,redirect
DA:6,1
DA:7,1
DA:9,1
DA:12,1
DA:15,1
DA:16,1
DA:17,1
DA:20,1
DA:21,1
DA:23,1
DA:24,1
DA:25,1
DA:30,2
DA:32,2
DA:33,1
DA:34,1
DA:37,1
DA:39,1
DA:40,0
DA:41,0
DA:44,1
DA:48,0
DA:49,0
DA:53,0
DA:54,0
DA:57,1
DA:58,0
DA:59,0
DA:60,0
DA:61,0
DA:66,2
DA:70,0
DA:82,0
DA:83,0
DA:84,0
DA:85,0
DA:86,0
DA:88,0
DA:90,0
DA:92,0
DA:93,0
DA:94,0
DA:95,0
DA:98,0
DA:99,0
DA:102,0
DA:103,0
DA:104,0
DA:108,0
DA:109,0
DA:114,0
DA:115,0
DA:117,0
DA:118,0
DA:119,0
DA:121,0
DA:126,2
DA:127,2
DA:129,2
DA:130,1
DA:132,1
DA:133,1
DA:134,1
DA:135,0
DA:138,1
DA:139,1
DA:140,1
DA:141,1
DA:145,0
DA:151,0
DA:152,0
DA:154,0
DA:155,0
DA:157,0
DA:158,0
DA:160,0
DA:165,0
DA:167,0
DA:170,0
DA:171,0
DA:176,0
DA:177,0
DA:179,0
DA:180,0
DA:182,0
DA:186,0
DA:187,0
DA:188,0
DA:192,0
DA:193,0
DA:195,0
DA:196,0
DA:198,0
DA:199,0
DA:200,0
DA:201,0
DA:203,0
DA:206,0
DA:211,1
DA:212,0
DA:213,0
DA:217,0
DA:218,0
DA:219,0
DA:220,0
DA:222,0
DA:223,0
DA:225,0
DA:227,0
DA:228,0
DA:230,0
DA:231,0
DA:232,0
DA:233,0
DA:234,0
DA:236,0
DA:240,0
DA:245,0
DA:246,0
DA:247,0
DA:249,0
DA:250,0
DA:251,0
DA:252,0
DA:253,0
DA:256,0
DA:257,0
DA:258,0
DA:259,0
DA:262,0
DA:263,0
DA:266,0
DA:274,0
DA:275,0
DA:278,0
DA:279,0
DA:281,0
DA:282,0
DA:283,0
DA:284,0
DA:286,0
DA:287,0
DA:291,0
DA:292,0
DA:293,0
DA:294,0
DA:295,0
DA:296,0
DA:297,0
DA:306,0
DA:307,0
DA:308,0
DA:309,0
DA:314,0
DA:315,0
DA:317,0
DA:320,0
DA:321,0
DA:323,0
DA:325,0
DA:326,0
DA:328,0
DA:330,0
DA:331,0
DA:334,0
DA:339,4
DA:340,1
DA:341,1
DA:345,0
DA:346,0
DA:347,0
DA:348,0
DA:349,0
DA:354,0
DA:355,0
DA:356,0
DA:357,0
DA:358,0
DA:359,0
DA:360,0
DA:366,0
DA:367,0
DA:368,0
DA:369,0
DA:370,0
DA:371,0
DA:372,0
DA:379,1
DA:382,1
DA:383,0
DA:384,0
DA:385,0
DA:386,0
DA:390,0
DA:394,1
DA:395,1
LF:196
LH:40
BRDA:5,0,0,0
BRDA:7,1,0,0
BRDA:7,1,1,1
BRDA:16,2,0,1
BRDA:16,2,1,0
BRDA:32,3,0,1
BRDA:32,3,1,1
BRDA:39,4,0,0
BRDA:39,4,1,1
BRDA:39,5,0,1
BRDA:39,5,1,1
BRDA:39,6,0,1
BRDA:39,6,1,0
BRDA:54,7,0,0
BRDA:54,7,1,0
BRDA:59,8,0,0
BRDA:59,8,1,0
BRDA:59,9,0,0
BRDA:59,9,1,0
BRDA:61,10,0,0
BRDA:61,10,1,0
BRDA:88,11,0,0
BRDA:88,11,1,0
BRDA:88,12,0,0
BRDA:88,12,1,0
BRDA:92,13,0,0
BRDA:92,13,1,0
BRDA:92,14,0,0
BRDA:92,14,1,0
BRDA:95,15,0,0
BRDA:95,15,1,0
BRDA:109,16,0,0
BRDA:109,16,1,0
BRDA:117,17,0,0
BRDA:117,17,1,0
BRDA:118,18,0,0
BRDA:118,18,1,0
BRDA:118,19,0,0
BRDA:118,19,1,0
BRDA:119,20,0,0
BRDA:119,20,1,0
BRDA:119,21,0,0
BRDA:119,21,1,0
BRDA:129,22,0,1
BRDA:129,22,1,1
BRDA:134,23,0,0
BRDA:134,23,1,1
BRDA:141,24,0,1
BRDA:141,24,1,0
BRDA:141,25,0,1
BRDA:141,25,1,1
BRDA:171,26,0,0
BRDA:171,26,1,0
BRDA:177,27,0,0
BRDA:177,27,1,0
BRDA:186,28,0,0
BRDA:186,28,1,0
BRDA:186,29,0,0
BRDA:186,29,1,0
BRDA:186,29,2,0
BRDA:198,30,0,0
BRDA:198,30,1,0
BRDA:201,31,0,0
BRDA:201,31,1,0
BRDA:211,32,0,0
BRDA:211,32,1,1
BRDA:218,33,0,0
BRDA:218,33,1,0
BRDA:223,34,0,0
BRDA:223,34,1,0
BRDA:231,35,0,0
BRDA:231,35,1,0
BRDA:232,36,0,0
BRDA:232,36,1,0
BRDA:246,37,0,0
BRDA:246,37,1,0
BRDA:250,38,0,0
BRDA:250,38,1,0
BRDA:257,39,0,0
BRDA:257,39,1,0
BRDA:259,40,0,0
BRDA:259,40,1,0
BRDA:262,41,0,0
BRDA:262,41,1,0
BRDA:275,42,0,0
BRDA:275,42,1,0
BRDA:287,43,0,0
BRDA:287,43,1,0
BRDA:287,43,2,0
BRDA:292,44,0,0
BRDA:292,44,1,0
BRDA:293,45,0,0
BRDA:293,45,1,0
BRDA:295,46,0,0
BRDA:295,46,1,0
BRDA:295,47,0,0
BRDA:295,47,1,0
BRDA:297,48,0,0
BRDA:297,48,1,0
BRDA:307,49,0,0
BRDA:307,49,1,0
BRDA:309,50,0,0
BRDA:309,50,1,0
BRDA:315,51,0,0
BRDA:315,51,1,0
BRDA:321,52,0,0
BRDA:321,52,1,0
BRDA:330,53,0,0
BRDA:330,53,1,0
BRDA:339,54,0,3
BRDA:339,54,1,1
BRDA:339,55,0,4
BRDA:339,55,1,3
BRDA:341,56,0,1
BRDA:341,56,1,0
BRDA:354,57,0,0
BRDA:354,57,1,0
BRDA:356,58,0,0
BRDA:356,58,1,0
BRDA:359,59,0,0
BRDA:359,59,1,0
BRDA:366,60,0,0
BRDA:366,60,1,0
BRDA:368,61,0,0
BRDA:368,61,1,0
BRDA:371,62,0,0
BRDA:371,62,1,0
BRDA:394,63,0,1
BRDA:394,63,1,0
BRDA:394,64,0,1
BRDA:394,64,1,1
BRF:131
BRH:23
end_of_record
