TN:
SF:server.js
FN:20,(anonymous_0)
FN:31,(anonymous_1)
FN:35,setSql
FN:62,initDB
FN:282,(anonymous_4)
FN:312,(anonymous_5)
FN:354,(anonymous_6)
FN:412,(anonymous_7)
FN:438,(anonymous_8)
FN:465,(anonymous_9)
FN:494,(anonymous_10)
FN:497,(anonymous_11)
FN:504,(anonymous_12)
FN:531,(anonymous_13)
FN:554,(anonymous_14)
FN:585,(anonymous_15)
FN:594,(anonymous_16)
FN:622,(anonymous_17)
FN:649,(anonymous_18)
FN:663,(anonymous_19)
FN:677,(anonymous_20)
FN:714,(anonymous_21)
FN:735,(anonymous_22)
FN:753,(anonymous_23)
FN:765,(anonymous_24)
FN:785,(anonymous_25)
FN:796,(anonymous_26)
FN:816,(anonymous_27)
FN:834,(anonymous_28)
FN:844,(anonymous_29)
FN:855,(anonymous_30)
FN:873,(anonymous_31)
FN:906,(anonymous_32)
FN:938,(anonymous_33)
FN:944,(anonymous_34)
FN:956,(anonymous_35)
FN:981,(anonymous_36)
FN:1005,(anonymous_37)
FN:1018,(anonymous_38)
FN:1043,(anonymous_39)
FN:1044,(anonymous_40)
FN:1052,(anonymous_41)
FN:1054,(anonymous_42)
FN:1060,(anonymous_43)
FN:1077,(anonymous_44)
FN:1091,(anonymous_45)
FN:1107,(anonymous_46)
FN:1118,(anonymous_47)
FN:1130,(anonymous_48)
FN:1167,(anonymous_49)
FN:1178,(anonymous_50)
FNF:51
FNH:46
FNDA:1,(anonymous_0)
FNDA:31,(anonymous_1)
FNDA:71,setSql
FNDA:0,initDB
FNDA:3,(anonymous_4)
FNDA:4,(anonymous_5)
FNDA:4,(anonymous_6)
FNDA:5,(anonymous_7)
FNDA:0,(anonymous_8)
FNDA:2,(anonymous_9)
FNDA:1,(anonymous_10)
FNDA:1,(anonymous_11)
FNDA:2,(anonymous_12)
FNDA:4,(anonymous_13)
FNDA:2,(anonymous_14)
FNDA:1,(anonymous_15)
FNDA:6,(anonymous_16)
FNDA:0,(anonymous_17)
FNDA:2,(anonymous_18)
FNDA:2,(anonymous_19)
FNDA:4,(anonymous_20)
FNDA:2,(anonymous_21)
FNDA:2,(anonymous_22)
FNDA:1,(anonymous_23)
FNDA:3,(anonymous_24)
FNDA:1,(anonymous_25)
FNDA:2,(anonymous_26)
FNDA:2,(anonymous_27)
FNDA:1,(anonymous_28)
FNDA:1,(anonymous_29)
FNDA:1,(anonymous_30)
FNDA:3,(anonymous_31)
FNDA:2,(anonymous_32)
FNDA:1,(anonymous_33)
FNDA:1,(anonymous_34)
FNDA:2,(anonymous_35)
FNDA:2,(anonymous_36)
FNDA:2,(anonymous_37)
FNDA:1,(anonymous_38)
FNDA:1,(anonymous_39)
FNDA:1,(anonymous_40)
FNDA:0,(anonymous_41)
FNDA:0,(anonymous_42)
FNDA:2,(anonymous_43)
FNDA:1,(anonymous_44)
FNDA:1,(anonymous_45)
FNDA:1,(anonymous_46)
FNDA:1,(anonymous_47)
FNDA:2,(anonymous_48)
FNDA:1,(anonymous_49)
FNDA:1,(anonymous_50)
DA:1,1
DA:2,1
DA:3,1
DA:4,1
DA:5,1
DA:6,1
DA:7,1
DA:8,1
DA:9,1
DA:11,1
DA:12,1
DA:15,1
DA:16,1
DA:17,1
DA:20,1
DA:21,1
DA:26,1
DA:27,0
DA:31,31
DA:32,1
DA:36,71
DA:40,1
DA:47,1
DA:56,1
DA:63,0
DA:65,0
DA:78,0
DA:91,0
DA:99,0
DA:100,0
DA:101,0
DA:102,0
DA:105,0
DA:120,0
DA:134,0
DA:140,0
DA:148,0
DA:159,0
DA:176,0
DA:186,0
DA:198,0
DA:211,0
DA:223,0
DA:224,0
DA:225,0
DA:226,0
DA:227,0
DA:228,0
DA:231,0
DA:232,0
DA:233,0
DA:234,0
DA:235,0
DA:237,0
DA:241,0
DA:242,0
DA:243,0
DA:252,0
DA:253,0
DA:255,0
DA:259,0
DA:260,0
DA:261,0
DA:262,0
DA:263,0
DA:267,0
DA:270,0
DA:272,0
DA:273,0
DA:282,1
DA:283,3
DA:284,3
DA:286,3
DA:287,1
DA:290,2
DA:291,2
DA:292,1
DA:295,1
DA:296,1
DA:297,1
DA:299,1
DA:304,1
DA:306,0
DA:307,0
DA:312,1
DA:313,4
DA:314,4
DA:316,4
DA:317,1
DA:320,3
DA:321,3
DA:322,1
DA:325,2
DA:326,2
DA:327,2
DA:328,1
DA:331,1
DA:344,0
DA:345,0
DA:354,1
DA:355,4
DA:356,4
DA:358,4
DA:359,1
DA:361,3
DA:362,1
DA:364,2
DA:365,0
DA:369,2
DA:375,2
DA:376,1
DA:380,1
DA:389,1
DA:390,1
DA:392,1
DA:401,1
DA:406,0
DA:407,0
DA:412,1
DA:413,5
DA:414,5
DA:415,5
DA:417,5
DA:418,1
DA:420,4
DA:421,1
DA:424,3
DA:427,3
DA:428,1
DA:430,2
DA:432,2
DA:433,1
DA:437,1
DA:438,0
DA:441,1
DA:443,1
DA:449,1
DA:453,1
DA:459,0
DA:460,0
DA:465,1
DA:466,2
DA:467,2
DA:468,2
DA:480,2
DA:483,2
DA:488,0
DA:489,0
DA:494,1
DA:497,1
DA:504,1
DA:505,2
DA:506,2
DA:507,2
DA:509,1
DA:510,1
DA:511,6
DA:520,6
DA:521,6
DA:523,1
DA:525,0
DA:526,0
DA:531,1
DA:532,4
DA:533,4
DA:534,4
DA:535,1
DA:538,3
DA:542,3
DA:543,1
DA:546,2
DA:554,2
DA:557,2
DA:558,1
DA:562,1
DA:567,2
DA:568,1
DA:571,1
DA:573,1
DA:579,1
DA:580,1
DA:583,1
DA:585,1
DA:588,0
DA:589,0
DA:594,1
DA:595,6
DA:596,6
DA:597,6
DA:599,6
DA:600,1
DA:602,5
DA:603,1
DA:606,4
DA:607,4
DA:609,3
DA:610,3
DA:611,1
DA:613,2
DA:616,2
DA:617,1
DA:618,1
DA:621,1
DA:622,0
DA:625,1
DA:627,1
DA:633,1
DA:637,1
DA:643,0
DA:644,0
DA:649,1
DA:650,2
DA:651,2
DA:652,2
DA:663,2
DA:669,2
DA:671,0
DA:672,0
DA:677,1
DA:678,4
DA:679,4
DA:680,4
DA:682,4
DA:683,4
DA:685,3
DA:686,3
DA:687,1
DA:692,2
DA:693,2
DA:694,2
DA:695,2
DA:696,2
DA:697,2
DA:699,2
DA:700,1
DA:702,1
DA:705,1
DA:706,1
DA:708,0
DA:709,0
DA:714,1
DA:715,2
DA:716,2
DA:717,2
DA:720,2
DA:721,1
DA:723,1
DA:725,0
DA:726,0
DA:735,1
DA:736,2
DA:737,2
DA:738,2
DA:740,1
DA:753,1
DA:757,1
DA:759,0
DA:760,0
DA:765,1
DA:766,3
DA:767,3
DA:768,3
DA:769,3
DA:771,2
DA:772,1
DA:775,1
DA:776,1
DA:777,1
DA:779,0
DA:780,0
DA:785,1
DA:786,1
DA:787,1
DA:788,1
DA:790,0
DA:791,0
DA:796,1
DA:797,2
DA:798,2
DA:799,2
DA:800,2
DA:807,2
DA:808,1
DA:810,0
DA:811,0
DA:816,1
DA:817,2
DA:818,2
DA:819,2
DA:821,1
DA:826,1
DA:828,0
DA:829,0
DA:834,1
DA:835,1
DA:836,1
DA:837,1
DA:838,1
DA:844,1
DA:847,1
DA:849,0
DA:850,0
DA:855,1
DA:856,1
DA:873,1
DA:874,3
DA:875,3
DA:876,3
DA:877,1
DA:881,1
DA:885,1
DA:886,2
DA:887,1
DA:891,1
DA:895,1
DA:897,1
DA:900,0
DA:901,0
DA:906,1
DA:907,2
DA:908,2
DA:909,2
DA:911,1
DA:912,1
DA:913,1
DA:917,1
DA:921,1
DA:927,1
DA:928,1
DA:930,1
DA:932,0
DA:933,0
DA:938,1
DA:939,1
DA:940,1
DA:944,1
DA:948,1
DA:950,0
DA:951,0
DA:956,1
DA:957,2
DA:958,2
DA:959,2
DA:960,1
DA:962,1
DA:963,1
DA:965,1
DA:966,1
DA:968,1
DA:973,1
DA:975,0
DA:976,0
DA:981,1
DA:982,2
DA:983,2
DA:984,2
DA:985,2
DA:986,2
DA:988,1
DA:997,1
DA:999,0
DA:1000,0
DA:1005,1
DA:1006,2
DA:1007,2
DA:1008,2
DA:1009,2
DA:1010,1
DA:1012,0
DA:1013,0
DA:1018,1
DA:1019,1
DA:1020,1
DA:1021,1
DA:1023,1
DA:1024,1
DA:1025,1
DA:1026,1
DA:1028,1
DA:1037,0
DA:1038,0
DA:1043,1
DA:1044,1
DA:1045,1
DA:1051,1
DA:1052,0
DA:1053,0
DA:1054,0
DA:1055,0
DA:1060,1
DA:1061,2
DA:1062,2
DA:1063,2
DA:1064,1
DA:1067,1
DA:1071,1
DA:1073,0
DA:1077,1
DA:1078,1
DA:1080,1
DA:1085,1
DA:1087,0
DA:1091,1
DA:1092,1
DA:1093,1
DA:1094,1
DA:1095,1
DA:1100,1
DA:1102,0
DA:1107,1
DA:1108,1
DA:1109,1
DA:1114,1
DA:1118,1
DA:1119,1
DA:1120,1
DA:1124,1
DA:1130,1
DA:1131,2
DA:1132,2
DA:1133,2
DA:1134,2
DA:1136,2
DA:1143,2
DA:1144,2
DA:1146,2
DA:1148,1
DA:1149,1
DA:1152,1
DA:1158,1
DA:1161,2
DA:1163,0
DA:1167,1
DA:1168,1
DA:1169,1
DA:1171,1
DA:1172,1
DA:1174,0
DA:1178,1
DA:1179,1
DA:1180,1
DA:1181,1
DA:1186,1
DA:1188,0
DA:1189,0
DA:1194,1
LF:446
LH:338
BRDA:12,0,0,1
BRDA:12,0,1,1
BRDA:26,1,0,0
BRDA:26,1,1,1
BRDA:232,2,0,0
BRDA:232,2,1,0
BRDA:234,3,0,0
BRDA:234,3,1,0
BRDA:234,4,0,0
BRDA:234,4,1,0
BRDA:242,5,0,0
BRDA:242,5,1,0
BRDA:260,6,0,0
BRDA:260,6,1,0
BRDA:286,7,0,1
BRDA:286,7,1,2
BRDA:286,8,0,3
BRDA:286,8,1,3
BRDA:286,8,2,2
BRDA:286,8,3,2
BRDA:286,8,4,2
BRDA:286,8,5,2
BRDA:291,9,0,1
BRDA:291,9,1,1
BRDA:297,10,0,1
BRDA:297,10,1,1
BRDA:316,11,0,1
BRDA:316,11,1,3
BRDA:316,12,0,4
BRDA:316,12,1,4
BRDA:321,13,0,1
BRDA:321,13,1,2
BRDA:327,14,0,1
BRDA:327,14,1,1
BRDA:340,15,0,1
BRDA:340,15,1,0
BRDA:358,16,0,1
BRDA:358,16,1,3
BRDA:358,17,0,4
BRDA:358,17,1,3
BRDA:358,17,2,3
BRDA:361,18,0,1
BRDA:361,18,1,2
BRDA:364,19,0,0
BRDA:364,19,1,2
BRDA:364,20,0,2
BRDA:364,20,1,2
BRDA:375,21,0,1
BRDA:375,21,1,1
BRDA:395,22,0,0
BRDA:395,22,1,1
BRDA:396,23,0,1
BRDA:396,23,1,0
BRDA:417,24,0,1
BRDA:417,24,1,4
BRDA:417,25,0,5
BRDA:417,25,1,5
BRDA:420,26,0,1
BRDA:420,26,1,3
BRDA:427,27,0,1
BRDA:427,27,1,2
BRDA:432,28,0,1
BRDA:432,28,1,1
BRDA:437,29,0,0
BRDA:437,29,1,1
BRDA:484,30,0,1
BRDA:484,30,1,1
BRDA:507,31,0,1
BRDA:507,31,1,1
BRDA:534,32,0,1
BRDA:534,32,1,3
BRDA:534,33,0,4
BRDA:534,33,1,4
BRDA:534,33,2,4
BRDA:534,33,3,3
BRDA:534,33,4,3
BRDA:542,34,0,1
BRDA:542,34,1,2
BRDA:557,35,0,1
BRDA:557,35,1,1
BRDA:567,36,0,1
BRDA:567,36,1,1
BRDA:599,37,0,1
BRDA:599,37,1,5
BRDA:599,38,0,6
BRDA:599,38,1,6
BRDA:602,39,0,1
BRDA:602,39,1,4
BRDA:607,40,0,1
BRDA:607,40,1,3
BRDA:610,41,0,1
BRDA:610,41,1,2
BRDA:613,42,0,2
BRDA:613,42,1,0
BRDA:614,43,0,0
BRDA:614,43,1,2
BRDA:614,44,0,2
BRDA:614,44,1,2
BRDA:616,45,0,1
BRDA:616,45,1,1
BRDA:616,46,0,2
BRDA:616,46,1,2
BRDA:621,47,0,0
BRDA:621,47,1,1
BRDA:665,48,0,0
BRDA:665,48,1,2
BRDA:666,49,0,0
BRDA:666,49,1,0
BRDA:666,50,0,0
BRDA:666,50,1,0
BRDA:683,51,0,1
BRDA:683,51,1,3
BRDA:686,52,0,1
BRDA:686,52,1,2
BRDA:686,53,0,3
BRDA:686,53,1,2
BRDA:693,54,0,2
BRDA:693,54,1,0
BRDA:699,55,0,1
BRDA:699,55,1,1
BRDA:720,56,0,1
BRDA:720,56,1,1
BRDA:738,57,0,1
BRDA:738,57,1,1
BRDA:769,58,0,1
BRDA:769,58,1,2
BRDA:771,59,0,1
BRDA:771,59,1,1
BRDA:802,60,0,2
BRDA:802,60,1,0
BRDA:803,61,0,1
BRDA:803,61,1,1
BRDA:807,62,0,1
BRDA:807,62,1,1
BRDA:819,63,0,1
BRDA:819,63,1,1
BRDA:819,64,0,2
BRDA:819,64,1,1
BRDA:823,65,0,1
BRDA:823,65,1,1
BRDA:823,66,0,1
BRDA:823,66,1,1
BRDA:837,67,0,1
BRDA:837,67,1,0
BRDA:876,68,0,1
BRDA:876,68,1,2
BRDA:876,69,0,3
BRDA:876,69,1,1
BRDA:886,70,0,1
BRDA:886,70,1,1
BRDA:886,71,0,2
BRDA:886,71,1,1
BRDA:909,72,0,1
BRDA:909,72,1,1
BRDA:959,73,0,1
BRDA:959,73,1,1
BRDA:959,74,0,2
BRDA:959,74,1,2
BRDA:959,74,2,1
BRDA:959,74,3,1
BRDA:959,74,4,1
BRDA:959,74,5,1
BRDA:963,75,0,0
BRDA:963,75,1,1
BRDA:986,76,0,1
BRDA:986,76,1,1
BRDA:990,77,0,1
BRDA:990,77,1,0
BRDA:991,78,0,0
BRDA:991,78,1,1
BRDA:992,79,0,1
BRDA:992,79,1,1
BRDA:993,80,0,0
BRDA:993,80,1,1
BRDA:994,81,0,0
BRDA:994,81,1,1
BRDA:1009,82,0,1
BRDA:1009,82,1,1
BRDA:1021,83,0,1
BRDA:1021,83,1,0
BRDA:1051,84,0,0
BRDA:1051,84,1,1
BRDA:1063,85,0,1
BRDA:1063,85,1,1
BRDA:1063,86,0,2
BRDA:1063,86,1,2
BRDA:1063,86,2,1
BRDA:1134,87,0,2
BRDA:1134,87,1,0
BRDA:1146,88,0,1
BRDA:1146,88,1,1
BRDA:1146,89,0,2
BRDA:1146,89,1,2
BRF:193
BRH:158
end_of_record
TN:
SF:lib\auth.js
FN:1,requireRole
FN:2,(anonymous_1)
FNF:2
FNH:2
FNDA:16,requireRole
FNDA:31,(anonymous_1)
DA:2,16
DA:3,31
DA:4,31
DA:5,31
DA:6,31
DA:7,2
DA:9,29
DA:10,29
DA:11,1
DA:13,28
DA:14,1
DA:16,27
DA:17,27
DA:19,0
DA:20,0
DA:25,1
LF:16
LH:14
BRDA:4,0,0,31
BRDA:4,0,1,0
BRDA:5,1,0,31
BRDA:5,1,1,17
BRDA:5,1,2,17
BRDA:6,2,0,2
BRDA:6,2,1,29
BRDA:10,3,0,1
BRDA:10,3,1,28
BRDA:13,4,0,1
BRDA:13,4,1,27
BRF:11
BRH:10
end_of_record
TN:
SF:lib\crypto.js
FN:6,getKey
FN:14,encrypt
FN:24,decrypt
FNF:3
FNH:3
FNDA:6,getKey
FNDA:7,encrypt
FNDA:6,decrypt
DA:1,1
DA:3,1
DA:4,1
DA:7,6
DA:8,6
DA:9,2
DA:11,4
DA:15,7
DA:16,4
DA:17,4
DA:18,2
DA:19,2
DA:20,2
DA:21,2
DA:25,6
DA:27,2
DA:30,2
DA:31,1
DA:32,1
DA:33,1
DA:34,1
DA:35,1
DA:36,1
DA:40,1
DA:41,1
DA:42,1
DA:43,1
DA:44,1
DA:45,1
DA:46,1
DA:47,1
DA:50,1
LF:32
LH:32
BRDA:8,0,0,2
BRDA:8,0,1,4
BRDA:15,1,0,3
BRDA:15,1,1,4
BRDA:25,2,0,4
BRDA:25,2,1,2
BRDA:30,3,0,1
BRDA:30,3,1,1
BRF:8
BRH:8
end_of_record
